[debug] [2024-06-14T07:38:20.777Z] ----------------------------------------------------------------------
[debug] [2024-06-14T07:38:20.778Z] Command:       /Users/loke/.nvm/versions/node/v18.19.0/bin/node /Users/loke/.nvm/versions/node/v18.19.0/bin/firebase init hosting
[debug] [2024-06-14T07:38:20.778Z] CLI Version:   13.11.2
[debug] [2024-06-14T07:38:20.778Z] Platform:      darwin
[debug] [2024-06-14T07:38:20.778Z] Node Version:  v18.19.0
[debug] [2024-06-14T07:38:20.784Z] Time:          Fri Jun 14 2024 16:38:20 GMT+0900 (Korean Standard Time)
[debug] [2024-06-14T07:38:20.784Z] ----------------------------------------------------------------------
[debug] 
[debug] [2024-06-14T07:38:20.818Z] > command requires scopes: ["email","openid","https://www.googleapis.com/auth/cloudplatformprojects.readonly","https://www.googleapis.com/auth/firebase","https://www.googleapis.com/auth/cloud-platform"]
[debug] [2024-06-14T07:38:20.818Z] > authorizing via signed-in user (kobin1970@gmail.com)
[info] 
     ######## #### ########  ######## ########     ###     ######  ########
     ##        ##  ##     ## ##       ##     ##  ##   ##  ##       ##
     ######    ##  ########  ######   ########  #########  ######  ######
     ##        ##  ##    ##  ##       ##     ## ##     ##       ## ##
     ##       #### ##     ## ######## ########  ##     ##  ######  ########

You're about to initialize a Firebase project in this directory:

  /Users/loke/Coding/web/next_moun

Before we get started, keep in mind:

  * You are initializing within an existing Firebase project directory

[info] 
=== Project Setup
[info] 
[info] First, let's associate this project directory with a Firebase project.
[info] You can create multiple project aliases by running firebase use --add, 
[info] but for now we'll just set up a default project.
[info] 
[debug] [2024-06-14T07:38:20.820Z] Using project from CLI flag: moun-df9ff
[debug] [2024-06-14T07:38:20.821Z] >>> [apiv2][query] GET https://firebase.googleapis.com/v1beta1/projects/moun-df9ff [none]
[debug] [2024-06-14T07:38:21.508Z] <<< [apiv2][status] GET https://firebase.googleapis.com/v1beta1/projects/moun-df9ff 200
[debug] [2024-06-14T07:38:21.508Z] <<< [apiv2][body] GET https://firebase.googleapis.com/v1beta1/projects/moun-df9ff {"projectId":"moun-df9ff","projectNumber":"1027016143349","displayName":"Moun","name":"projects/moun-df9ff","resources":{"hostingSite":"moun-df9ff","storageBucket":"moun-df9ff.appspot.com","locationId":"asia-northeast3"},"state":"ACTIVE","etag":"1_ae057fb6-c697-4076-a1e0-968e27c9ee5e"}
[info] i  Using project moun-df9ff (Moun) 
[info] 
=== Hosting Setup
[debug] [2024-06-14T07:38:21.519Z] >>> [apiv2][query] GET https://firebase.googleapis.com/v1beta1/projects/moun-df9ff [none]
[debug] [2024-06-14T07:38:22.012Z] <<< [apiv2][status] GET https://firebase.googleapis.com/v1beta1/projects/moun-df9ff 200
[debug] [2024-06-14T07:38:22.013Z] <<< [apiv2][body] GET https://firebase.googleapis.com/v1beta1/projects/moun-df9ff {"projectId":"moun-df9ff","projectNumber":"1027016143349","displayName":"Moun","name":"projects/moun-df9ff","resources":{"hostingSite":"moun-df9ff","storageBucket":"moun-df9ff.appspot.com","locationId":"asia-northeast3"},"state":"ACTIVE","etag":"1_ae057fb6-c697-4076-a1e0-968e27c9ee5e"}
